 62    1
 61  718
 62   58
 60  101
 61   21
 62   23
 60   19
 60   35
 60   26
 61 1481
 60   51
 60 1274
 60    3
 60   31
 61  293
 60   12
 60   30
 60  438
 60  276
 60   64
 60   30
 60   33
 60   16
 60   63
 60    5
 60  279
 60   62
 60  223
 60   80
 60   37
 60   14
 60   79
 60  589
 60  793
 60  110
 61  830
 61  464
 60   21
 60   95
 61  147
 60   47
 60    8
 60   26
 60  490
 63   10
 60  758
 61  475
 60  132
 60   19
 61   19
 60  102
 61   74
 60   48
 60   12
 60   85
 60   50
 60    9
 60   56
 60   63
 60   24
 60   62
 60   86
 60   26
 60  167
 60 1490
 60  379
 62  349
 60   85
 60   37
 60   10
 60    4
 60   29
 60  156
 60   39
 61    7
 61  581
 60   20
 62   48
 60  432
 60  363
 60  171
 60   72
 60   13
 60  150
 60  122
 60  136
 60   71
 60   27
 61  276
 62   45
 60  198
 60 1502
 63  235
 60   29
 60    3
 60   46
 60  158
 61   52
 60   31
 61  321
 61  989
 60   27
 60  136
 60   99
 60   51
 60   34
 60  600
 60 1185
 60  115
 62  324
 61  330
 60 2164
 61  136
 62  115
 68  438
 60  402
 60 1160
 60  844
 62  130
 61  694
 61  582
 60  410
 60  210
 60  284
 60  116
 60   45
 62  509
 60   26
 62  153
 62  581
 62  247
 60   97
 60  198
 60 1534
 62  204
 60   23
 61  195
 62   49
 62  912
 60   88
 60   12
 60   21
 61  553
 60  507
 62   56
 61   10
 60 1484
 61  169
 60   12
 61   87
 61  168
 61  419
 62   30
 60   93
 60  352
 62 1023
 62  122
 60  103
 60  175
 60 1381
 60   65
 60  560
 61   85
 64  227
 61  182
 62   51
 61   25
 62 2082
 62   27
 60   16
 60   58
 61   37
 61  218
 61  196
 60  143
 61   45
 62  175
 61  619
 64 1491
 64  410
 60   12
 60   20
 60   11
 60  183
 65 1175
 60   81
 60  480
 60   90
 60   44
 66 1088
 60   25
 62  343
 60   13
 65  364
 61   47
 65  353
 60   45
 60    2
 60   27
 68  865
 60   54
 62  616
 60  241
 60   70
 65   48
 61   71
 60   11
 67  575
 67 1066
 60   75
 60   50
 60   17
 63  116
 69  230
 61   39
 60   52
 60  633
 65  180
 60   33
 60    4
 62  185
 60   12
 63  440
 65   73
 67 1265
 60   76
 60  125
 60   38
 66 1201
 62  918
 63  129
 66   81
 61  455
 61  356
 60   12
 62  642
 60  276
 64   80
 60  280
 61  137
 72  402
 66   56
 63   83
 67   48
 60   13
 60   34
 61   55
 60   11
 60   26
 62  102
 60   59
 60   89
 60    8
 60   62
 66  969
 86  383
 70  676
 60   71
 81  506
 60  112
 60   85
 60   66
 60   79
